Case #1: 15 25
Case #2: 0 0
Case #3: 81 567
Case #4: 181 244
Case #5: 0 0
Case #6: 500 500
Case #7: 100 900
Case #8: 80 137
Case #9: 98 207
Case #10: 117 158
Case #11: 29 200
Case #12: 107 344
Case #13: 191 549
Case #14: 204 392
Case #15: 224 485
Case #16: 212 388
Case #17: 175 323
Case #18: 102 316
Case #19: 152 409
Case #20: 155 479
Case #21: 58 410
Case #22: 134 238
Case #23: 153 219
Case #24: 93 333
Case #25: 105 295
Case #26: 123 337
Case #27: 111 489
Case #28: 162 359
Case #29: 168 319
Case #30: 240 390
Case #31: 96 290
Case #32: 215 465
Case #33: 101 324
Case #34: 179 487
Case #35: 132 488
Case #36: 80 392
Case #37: 127 300
Case #38: 159 301
Case #39: 204 448
Case #40: 193 292
Case #41: 149 301
Case #42: 136 319
Case #43: 250 512
Case #44: 137 377
Case #45: 83 413
Case #46: 241 418
Case #47: 137 347
Case #48: 174 493
Case #49: 133 435
Case #50: 159 494
Case #51: 228 372
Case #52: 178 469
Case #53: 130 384
Case #54: 173 366
Case #55: 182 245
Case #56: 171 334
Case #57: 207 407
Case #58: 161 297
Case #59: 172 435
Case #60: 80 455
Case #61: 92 406
Case #62: 146 226
Case #63: 195 306
Case #64: 130 430
Case #65: 204 485
Case #66: 116 570
Case #67: 145 428
Case #68: 118 314
Case #69: 205 321
Case #70: 127 683
Case #71: 105 427
Case #72: 156 342
Case #73: 122 310
Case #74: 104 273
Case #75: 70 478
Case #76: 134 338
Case #77: 153 371
Case #78: 160 399
Case #79: 149 473
Case #80: 146 354
Case #81: 150 355
Case #82: 248 362
Case #83: 90 247
Case #84: 195 400
Case #85: 134 411
Case #86: 138 319
Case #87: 189 398
Case #88: 138 414
Case #89: 134 252
Case #90: 133 423
Case #91: 170 281
Case #92: 157 354
Case #93: 229 464
Case #94: 163 477
Case #95: 107 375
Case #96: 67 244
Case #97: 178 523
Case #98: 161 318
Case #99: 159 429
Case #100: 187 400
